{"/Users/embbnux/work/js/shared-service/packages/core/src/SharedServiceClient.ts": {"path":"/Users/embbnux/work/js/shared-service/packages/core/src/SharedServiceClient.ts","statementMap":{"0":{"start":{"line":1,"column":0},"end":{"line":1,"column":38}},"1":{"start":{"line":2,"column":0},"end":{"line":2,"column":40}},"2":{"start":{"line":3,"column":0},"end":{"line":3,"column":44}},"3":{"start":{"line":4,"column":0},"end":{"line":4,"column":null}},"4":{"start":{"line":4,"column":41},"end":{"line":4,"column":53}},"5":{"start":{"line":8,"column":20},"end":{"line":8,"column":45}},"6":{"start":{"line":9,"column":4},"end":{"line":9,"column":12}},"7":{"start":{"line":11,"column":4},"end":{"line":11,"column":22}},"8":{"start":{"line":12,"column":4},"end":{"line":12,"column":46}},"9":{"start":{"line":13,"column":4},"end":{"line":17,"column":7}},"10":{"start":{"line":14,"column":6},"end":{"line":16,"column":7}},"11":{"start":{"line":15,"column":8},"end":{"line":15,"column":46}},"12":{"start":{"line":18,"column":4},"end":{"line":20,"column":5}},"13":{"start":{"line":19,"column":6},"end":{"line":19,"column":19}},"14":{"start":{"line":21,"column":4},"end":{"line":27,"column":7}},"15":{"start":{"line":22,"column":6},"end":{"line":26,"column":9}},"16":{"start":{"line":30,"column":2},"end":{"line":41,"column":null}},"17":{"start":{"line":30,"column":2},"end":{"line":30,"column":11}},"18":{"start":{"line":31,"column":4},"end":{"line":31,"column":23}},"19":{"start":{"line":32,"column":4},"end":{"line":40,"column":6}},"20":{"start":{"line":33,"column":6},"end":{"line":33,"column":26}},"21":{"start":{"line":34,"column":6},"end":{"line":39,"column":9}},"22":{"start":{"line":43,"column":8},"end":{"line":51,"column":null}},"23":{"start":{"line":44,"column":4},"end":{"line":50,"column":7}},"24":{"start":{"line":53,"column":8},"end":{"line":61,"column":null}},"25":{"start":{"line":54,"column":18},"end":{"line":59,"column":null}},"26":{"start":{"line":54,"column":10},"end":{"line":59,"column":null}},"27":{"start":{"line":60,"column":4},"end":{"line":60,"column":22}},"28":{"start":{"line":63,"column":8},"end":{"line":71,"column":null}},"29":{"start":{"line":64,"column":4},"end":{"line":70,"column":7}},"30":{"start":{"line":72,"column":0},"end":{"line":72,"column":null}},"31":{"start":{"line":4,"column":13},"end":{"line":4,"column":32}}},"fnMap":{"0":{"name":"(anonymous_19)","decl":{"start":{"line":4,"column":0},"end":{"line":4,"column":13}},"loc":{"start":{"line":4,"column":0},"end":{"line":72,"column":1}}},"1":{"name":"SharedServiceClient","decl":{"start":{"line":8,"column":2},"end":{"line":8,"column":14}},"loc":{"start":{"line":8,"column":45},"end":{"line":28,"column":3}}},"2":{"name":"(anonymous_21)","decl":{"start":{"line":13,"column":52},"end":{"line":13,"column":53}},"loc":{"start":{"line":13,"column":60},"end":{"line":17,"column":5}}},"3":{"name":"(anonymous_22)","decl":{"start":{"line":21,"column":38},"end":{"line":21,"column":null}},"loc":{"start":{"line":21,"column":38},"end":{"line":27,"column":5}}},"4":{"name":"(anonymous_23)","decl":{"start":{"line":30,"column":2},"end":{"line":30,"column":11}},"loc":{"start":{"line":30,"column":51},"end":{"line":41,"column":3}}},"5":{"name":"(anonymous_24)","decl":{"start":{"line":32,"column":11},"end":{"line":32,"column":null}},"loc":{"start":{"line":32,"column":11},"end":{"line":40,"column":5}}},"6":{"name":"(anonymous_25)","decl":{"start":{"line":43,"column":2},"end":{"line":43,"column":8}},"loc":{"start":{"line":43,"column":41},"end":{"line":51,"column":null}}},"7":{"name":"(anonymous_28)","decl":{"start":{"line":53,"column":2},"end":{"line":53,"column":8}},"loc":{"start":{"line":53,"column":31},"end":{"line":61,"column":null}}},"8":{"name":"(anonymous_31)","decl":{"start":{"line":63,"column":2},"end":{"line":63,"column":8}},"loc":{"start":{"line":63,"column":55},"end":{"line":71,"column":null}}}},"branchMap":{"0":{"loc":{"start":{"line":9,"column":4},"end":{"line":9,"column":12}},"type":"binary-expr","locations":[{"start":{"line":9,"column":4},"end":{"line":9,"column":11}},{"start":{"line":9,"column":11},"end":{"line":9,"column":12}}]},"1":{"loc":{"start":{"line":14,"column":6},"end":{"line":16,"column":7}},"type":"if","locations":[{"start":{"line":14,"column":6},"end":{"line":16,"column":7}},{"start":{},"end":{}}]},"2":{"loc":{"start":{"line":18,"column":4},"end":{"line":20,"column":5}},"type":"if","locations":[{"start":{"line":18,"column":4},"end":{"line":20,"column":5}},{"start":{},"end":{}}]},"3":{"loc":{"start":{"line":44,"column":4},"end":{"line":50,"column":7}},"type":"switch","locations":[{"start":{"line":44,"column":4},"end":{"line":50,"column":7}}]},"4":{"loc":{"start":{"line":54,"column":18},"end":{"line":59,"column":null}},"type":"switch","locations":[{"start":{"line":54,"column":18},"end":{"line":59,"column":null}}]}},"s":{"0":1,"1":1,"2":1,"3":1,"4":1,"5":1,"6":1,"7":1,"8":1,"9":1,"10":0,"11":0,"12":1,"13":1,"14":1,"15":0,"16":1,"17":0,"18":0,"19":0,"20":0,"21":0,"22":1,"23":0,"24":1,"25":0,"26":0,"27":0,"28":1,"29":0,"30":1,"31":1},"f":{"0":1,"1":1,"2":0,"3":0,"4":0,"5":0,"6":0,"7":0,"8":0},"b":{"0":[1,1],"1":[0,0],"2":[1,0],"3":[0],"4":[0]}}
,"/Users/embbnux/work/js/shared-service/packages/core/src/Transport.ts": {"path":"/Users/embbnux/work/js/shared-service/packages/core/src/Transport.ts","statementMap":{"0":{"start":{"line":1,"column":0},"end":{"line":1,"column":24}},"1":{"start":{"line":2,"column":0},"end":{"line":2,"column":38}},"2":{"start":{"line":4,"column":0},"end":{"line":4,"column":42}},"3":{"start":{"line":8,"column":0},"end":{"line":8,"column":null}},"4":{"start":{"line":8,"column":31},"end":{"line":8,"column":43}},"5":{"start":{"line":13,"column":10},"end":{"line":13,"column":12}},"6":{"start":{"line":13,"column":12},"end":{"line":13,"column":19}},"7":{"start":{"line":13,"column":19},"end":{"line":13,"column":74}},"8":{"start":{"line":15,"column":4},"end":{"line":15,"column":12}},"9":{"start":{"line":23,"column":2},"end":{"line":46,"column":null}},"10":{"start":{"line":24,"column":18},"end":{"line":24,"column":24}},"11":{"start":{"line":26,"column":4},"end":{"line":29,"column":5}},"12":{"start":{"line":27,"column":6},"end":{"line":27,"column":91}},"13":{"start":{"line":28,"column":6},"end":{"line":28,"column":13}},"14":{"start":{"line":30,"column":4},"end":{"line":42,"column":5}},"15":{"start":{"line":31,"column":24},"end":{"line":31,"column":38}},"16":{"start":{"line":32,"column":6},"end":{"line":40,"column":7}},"17":{"start":{"line":33,"column":22},"end":{"line":33,"column":32}},"18":{"start":{"line":34,"column":8},"end":{"line":39,"column":9}},"19":{"start":{"line":35,"column":10},"end":{"line":35,"column":65}},"20":{"start":{"line":37,"column":25},"end":{"line":37,"column":36}},"21":{"start":{"line":38,"column":10},"end":{"line":38,"column":56}},"22":{"start":{"line":41,"column":6},"end":{"line":41,"column":13}},"23":{"start":{"line":43,"column":4},"end":{"line":45,"column":5}},"24":{"start":{"line":44,"column":6},"end":{"line":44,"column":48}},"25":{"start":{"line":17,"column":4},"end":{"line":17,"column":28}},"26":{"start":{"line":18,"column":4},"end":{"line":18,"column":22}},"27":{"start":{"line":19,"column":4},"end":{"line":19,"column":31}},"28":{"start":{"line":20,"column":4},"end":{"line":20,"column":60}},"29":{"start":{"line":48,"column":2},"end":{"line":77,"column":null}},"30":{"start":{"line":48,"column":2},"end":{"line":48,"column":9}},"31":{"start":{"line":48,"column":22},"end":{"line":48,"column":63}},"32":{"start":{"line":49,"column":22},"end":{"line":49,"column":31}},"33":{"start":{"line":50,"column":18},"end":{"line":60,"column":6}},"34":{"start":{"line":51,"column":6},"end":{"line":54,"column":9}},"35":{"start":{"line":55,"column":6},"end":{"line":59,"column":9}},"36":{"start":{"line":61,"column":18},"end":{"line":64,"column":21}},"37":{"start":{"line":62,"column":6},"end":{"line":62,"column":21}},"38":{"start":{"line":63,"column":6},"end":{"line":63,"column":75}},"39":{"start":{"line":65,"column":4},"end":{"line":75,"column":9}},"40":{"start":{"line":67,"column":8},"end":{"line":67,"column":77}},"41":{"start":{"line":67,"column":55},"end":{"line":67,"column":77}},"42":{"start":{"line":68,"column":8},"end":{"line":68,"column":41}},"43":{"start":{"line":69,"column":8},"end":{"line":69,"column":44}},"44":{"start":{"line":72,"column":8},"end":{"line":72,"column":77}},"45":{"start":{"line":72,"column":55},"end":{"line":72,"column":77}},"46":{"start":{"line":73,"column":8},"end":{"line":73,"column":41}},"47":{"start":{"line":74,"column":8},"end":{"line":74,"column":37}},"48":{"start":{"line":76,"column":4},"end":{"line":76,"column":19}},"49":{"start":{"line":79,"column":2},"end":{"line":86,"column":null}},"50":{"start":{"line":79,"column":22},"end":{"line":79,"column":24}},"51":{"start":{"line":79,"column":30},"end":{"line":79,"column":32}},"52":{"start":{"line":79,"column":37},"end":{"line":79,"column":100}},"53":{"start":{"line":80,"column":4},"end":{"line":85,"column":7}},"54":{"start":{"line":88,"column":2},"end":{"line":93,"column":null}},"55":{"start":{"line":88,"column":16},"end":{"line":88,"column":54}},"56":{"start":{"line":89,"column":4},"end":{"line":92,"column":7}},"57":{"start":{"line":95,"column":2},"end":{"line":98,"column":null}},"58":{"start":{"line":96,"column":4},"end":{"line":96,"column":31}},"59":{"start":{"line":97,"column":4},"end":{"line":97,"column":63}},"60":{"start":{"line":100,"column":2},"end":{"line":102,"column":null}},"61":{"start":{"line":101,"column":4},"end":{"line":101,"column":22}},"62":{"start":{"line":104,"column":2},"end":{"line":106,"column":null}},"63":{"start":{"line":105,"column":4},"end":{"line":105,"column":22}},"64":{"start":{"line":107,"column":0},"end":{"line":107,"column":null}},"65":{"start":{"line":8,"column":13},"end":{"line":8,"column":22}}},"fnMap":{"0":{"name":"(anonymous_7)","decl":{"start":{"line":8,"column":0},"end":{"line":8,"column":13}},"loc":{"start":{"line":8,"column":0},"end":{"line":107,"column":1}}},"1":{"name":"Transport","decl":{"start":{"line":12,"column":2},"end":{"line":12,"column":null}},"loc":{"start":{"line":13,"column":74},"end":{"line":21,"column":3}}},"2":{"name":"(anonymous_9)","decl":{"start":{"line":23,"column":15},"end":{"line":23,"column":16}},"loc":{"start":{"line":23,"column":17},"end":{"line":46,"column":3}}},"3":{"name":"(anonymous_10)","decl":{"start":{"line":48,"column":2},"end":{"line":48,"column":9}},"loc":{"start":{"line":48,"column":63},"end":{"line":77,"column":3}}},"4":{"name":"(anonymous_11)","decl":{"start":{"line":50,"column":33},"end":{"line":50,"column":34}},"loc":{"start":{"line":50,"column":49},"end":{"line":60,"column":5}}},"5":{"name":"(anonymous_12)","decl":{"start":{"line":61,"column":29},"end":{"line":61,"column":null}},"loc":{"start":{"line":61,"column":29},"end":{"line":64,"column":5}}},"6":{"name":"(anonymous_13)","decl":{"start":{"line":66,"column":12},"end":{"line":66,"column":13}},"loc":{"start":{"line":66,"column":19},"end":{"line":70,"column":7}}},"7":{"name":"(anonymous_14)","decl":{"start":{"line":71,"column":13},"end":{"line":71,"column":14}},"loc":{"start":{"line":71,"column":19},"end":{"line":75,"column":7}}},"8":{"name":"(anonymous_15)","decl":{"start":{"line":79,"column":2},"end":{"line":79,"column":10}},"loc":{"start":{"line":79,"column":100},"end":{"line":86,"column":3}}},"9":{"name":"(anonymous_16)","decl":{"start":{"line":88,"column":2},"end":{"line":88,"column":6}},"loc":{"start":{"line":88,"column":54},"end":{"line":93,"column":3}}},"10":{"name":"(anonymous_17)","decl":{"start":{"line":95,"column":2},"end":{"line":95,"column":9}},"loc":{"start":{"line":95,"column":2},"end":{"line":98,"column":3}}},"11":{"name":"(anonymous_18)","decl":{"start":{"line":100,"column":2},"end":{"line":100,"column":6}},"loc":{"start":{"line":100,"column":2},"end":{"line":102,"column":3}}},"12":{"name":"(anonymous_19)","decl":{"start":{"line":104,"column":2},"end":{"line":104,"column":6}},"loc":{"start":{"line":104,"column":2},"end":{"line":106,"column":3}}}},"branchMap":{"0":{"loc":{"start":{"line":13,"column":19},"end":{"line":13,"column":74}},"type":"cond-expr","locations":[{"start":{"line":13,"column":22},"end":{"line":13,"column":31}},{"start":{"line":13,"column":31},"end":{"line":13,"column":74}}]},"1":{"loc":{"start":{"line":15,"column":4},"end":{"line":15,"column":12}},"type":"binary-expr","locations":[{"start":{"line":15,"column":4},"end":{"line":15,"column":11}},{"start":{"line":15,"column":11},"end":{"line":15,"column":12}}]},"2":{"loc":{"start":{"line":26,"column":4},"end":{"line":29,"column":5}},"type":"if","locations":[{"start":{"line":26,"column":4},"end":{"line":29,"column":5}},{"start":{},"end":{}}]},"3":{"loc":{"start":{"line":30,"column":4},"end":{"line":42,"column":5}},"type":"if","locations":[{"start":{"line":30,"column":4},"end":{"line":42,"column":5}},{"start":{},"end":{}}]},"4":{"loc":{"start":{"line":32,"column":6},"end":{"line":40,"column":7}},"type":"if","locations":[{"start":{"line":32,"column":6},"end":{"line":40,"column":7}},{"start":{},"end":{}}]},"5":{"loc":{"start":{"line":32,"column":10},"end":{"line":32,"column":52}},"type":"binary-expr","locations":[{"start":{"line":32,"column":10},"end":{"line":32,"column":19}},{"start":{"line":32,"column":23},"end":{"line":32,"column":52}}]},"6":{"loc":{"start":{"line":34,"column":8},"end":{"line":39,"column":9}},"type":"if","locations":[{"start":{"line":34,"column":8},"end":{"line":39,"column":9}},{"start":{"line":36,"column":15},"end":{"line":39,"column":9}}]},"7":{"loc":{"start":{"line":43,"column":4},"end":{"line":45,"column":5}},"type":"if","locations":[{"start":{"line":43,"column":4},"end":{"line":45,"column":5}},{"start":{},"end":{}}]},"8":{"loc":{"start":{"line":67,"column":8},"end":{"line":67,"column":77}},"type":"if","locations":[{"start":{"line":67,"column":8},"end":{"line":67,"column":77}},{"start":{},"end":{}}]},"9":{"loc":{"start":{"line":67,"column":12},"end":{"line":67,"column":53}},"type":"binary-expr","locations":[{"start":{"line":67,"column":12},"end":{"line":67,"column":33}},{"start":{"line":67,"column":37},"end":{"line":67,"column":53}}]},"10":{"loc":{"start":{"line":72,"column":8},"end":{"line":72,"column":77}},"type":"if","locations":[{"start":{"line":72,"column":8},"end":{"line":72,"column":77}},{"start":{},"end":{}}]},"11":{"loc":{"start":{"line":72,"column":12},"end":{"line":72,"column":53}},"type":"binary-expr","locations":[{"start":{"line":72,"column":12},"end":{"line":72,"column":33}},{"start":{"line":72,"column":37},"end":{"line":72,"column":53}}]}},"s":{"0":1,"1":1,"2":1,"3":1,"4":1,"5":1,"6":1,"7":1,"8":1,"9":1,"10":0,"11":0,"12":0,"13":0,"14":0,"15":0,"16":0,"17":0,"18":0,"19":0,"20":0,"21":0,"22":0,"23":0,"24":0,"25":1,"26":1,"27":1,"28":1,"29":1,"30":0,"31":0,"32":0,"33":0,"34":0,"35":0,"36":0,"37":0,"38":0,"39":0,"40":0,"41":0,"42":0,"43":0,"44":0,"45":0,"46":0,"47":0,"48":0,"49":1,"50":0,"51":0,"52":0,"53":0,"54":1,"55":0,"56":0,"57":1,"58":0,"59":0,"60":1,"61":1,"62":1,"63":0,"64":1,"65":1},"f":{"0":1,"1":1,"2":0,"3":0,"4":0,"5":0,"6":0,"7":0,"8":0,"9":0,"10":0,"11":1,"12":0},"b":{"0":[1,0],"1":[1,1],"2":[0,0],"3":[0,0],"4":[0,0],"5":[0,0],"6":[0,0],"7":[0,0],"8":[0,0],"9":[0,0],"10":[0,0],"11":[0,0]}}
}
