TN:
SF:src/SharedServiceClient.ts
FN:4,(anonymous_19)
FN:8,SharedServiceClient
FN:13,(anonymous_21)
FN:21,(anonymous_22)
FN:30,(anonymous_23)
FN:32,(anonymous_24)
FN:43,(anonymous_25)
FN:53,(anonymous_28)
FN:63,(anonymous_31)
FNF:9
FNH:2
FNDA:1,(anonymous_19)
FNDA:1,SharedServiceClient
FNDA:0,(anonymous_21)
FNDA:0,(anonymous_22)
FNDA:0,(anonymous_23)
FNDA:0,(anonymous_24)
FNDA:0,(anonymous_25)
FNDA:0,(anonymous_28)
FNDA:0,(anonymous_31)
DA:1,1
DA:2,1
DA:3,1
DA:4,1
DA:8,1
DA:9,1
DA:11,1
DA:12,1
DA:13,1
DA:14,0
DA:15,0
DA:18,1
DA:19,1
DA:21,1
DA:22,0
DA:30,1
DA:31,0
DA:32,0
DA:33,0
DA:34,0
DA:43,1
DA:44,0
DA:53,1
DA:54,0
DA:60,0
DA:63,1
DA:64,0
DA:72,1
LF:28
LH:17
BRDA:9,0,0,1
BRDA:9,0,1,1
BRDA:14,1,0,0
BRDA:14,1,1,0
BRDA:18,2,0,1
BRDA:18,2,1,0
BRDA:44,3,0,0
BRDA:54,4,0,0
BRF:8
BRH:3
end_of_record
TN:
SF:src/Transport.ts
FN:8,(anonymous_7)
FN:12,Transport
FN:23,(anonymous_9)
FN:48,(anonymous_10)
FN:50,(anonymous_11)
FN:61,(anonymous_12)
FN:66,(anonymous_13)
FN:71,(anonymous_14)
FN:79,(anonymous_15)
FN:88,(anonymous_16)
FN:95,(anonymous_17)
FN:100,(anonymous_18)
FN:104,(anonymous_19)
FNF:13
FNH:3
FNDA:1,(anonymous_7)
FNDA:1,Transport
FNDA:0,(anonymous_9)
FNDA:0,(anonymous_10)
FNDA:0,(anonymous_11)
FNDA:0,(anonymous_12)
FNDA:0,(anonymous_13)
FNDA:0,(anonymous_14)
FNDA:0,(anonymous_15)
FNDA:0,(anonymous_16)
FNDA:0,(anonymous_17)
FNDA:1,(anonymous_18)
FNDA:0,(anonymous_19)
DA:1,1
DA:2,1
DA:4,1
DA:8,1
DA:13,1
DA:15,1
DA:17,1
DA:18,1
DA:19,1
DA:20,1
DA:23,1
DA:24,0
DA:26,0
DA:27,0
DA:28,0
DA:30,0
DA:31,0
DA:32,0
DA:33,0
DA:34,0
DA:35,0
DA:37,0
DA:38,0
DA:41,0
DA:43,0
DA:44,0
DA:48,1
DA:49,0
DA:50,0
DA:51,0
DA:55,0
DA:61,0
DA:62,0
DA:63,0
DA:65,0
DA:67,0
DA:68,0
DA:69,0
DA:72,0
DA:73,0
DA:74,0
DA:76,0
DA:79,1
DA:80,0
DA:88,1
DA:89,0
DA:95,1
DA:96,0
DA:97,0
DA:100,1
DA:101,1
DA:104,1
DA:105,0
DA:107,1
LF:54
LH:19
BRDA:13,0,0,1
BRDA:13,0,1,0
BRDA:15,1,0,1
BRDA:15,1,1,1
BRDA:26,2,0,0
BRDA:26,2,1,0
BRDA:30,3,0,0
BRDA:30,3,1,0
BRDA:32,4,0,0
BRDA:32,4,1,0
BRDA:32,5,0,0
BRDA:32,5,1,0
BRDA:34,6,0,0
BRDA:34,6,1,0
BRDA:43,7,0,0
BRDA:43,7,1,0
BRDA:67,8,0,0
BRDA:67,8,1,0
BRDA:67,9,0,0
BRDA:67,9,1,0
BRDA:72,10,0,0
BRDA:72,10,1,0
BRDA:72,11,0,0
BRDA:72,11,1,0
BRF:24
BRH:3
end_of_record
